{
  "nbformat": 4,
  "nbformat_minor": 0,
  "metadata": {
    "colab": {
      "name": "Project ML by AnamAli.ipynb",
      "provenance": []
    },
    "kernelspec": {
      "name": "python3",
      "display_name": "Python 3"
    },
    "language_info": {
      "name": "python"
    }
  },
  "cells": [
    {
      "cell_type": "code",
      "metadata": {
        "colab": {
          "base_uri": "https://localhost:8080/"
        },
        "id": "MRTv9A0RA1Kk",
        "outputId": "0cf7bb39-3bc1-480a-fb1e-8bb39034f1ad"
      },
      "source": [
        "!apt-get install swig -y\n",
        "!pip install Cython numpy\n",
        "\n",
        "# sometimes you have to run the next command twice on colab\n",
        "# I haven't figured out why\n",
        "!pip install auto-sklearn"
      ],
      "execution_count": null,
      "outputs": [
        {
          "output_type": "stream",
          "text": [
            "Reading package lists... Done\n",
            "Building dependency tree       \n",
            "Reading state information... Done\n",
            "swig is already the newest version (3.0.12-1).\n",
            "The following package was automatically installed and is no longer required:\n",
            "  libnvidia-common-460\n",
            "Use 'apt autoremove' to remove it.\n",
            "0 upgraded, 0 newly installed, 0 to remove and 34 not upgraded.\n",
            "Requirement already satisfied: Cython in /usr/local/lib/python3.7/dist-packages (0.29.22)\n",
            "Requirement already satisfied: numpy in /usr/local/lib/python3.7/dist-packages (1.19.5)\n",
            "Requirement already satisfied: auto-sklearn in /usr/local/lib/python3.7/dist-packages (0.12.6)\n",
            "Requirement already satisfied: scikit-learn<0.25.0,>=0.24.0 in /usr/local/lib/python3.7/dist-packages (from auto-sklearn) (0.24.2)\n",
            "Requirement already satisfied: ConfigSpace<0.5,>=0.4.14 in /usr/local/lib/python3.7/dist-packages (from auto-sklearn) (0.4.18)\n",
            "Requirement already satisfied: pyrfr<0.9,>=0.8.1 in /usr/local/lib/python3.7/dist-packages (from auto-sklearn) (0.8.2)\n",
            "Requirement already satisfied: dask in /usr/local/lib/python3.7/dist-packages (from auto-sklearn) (2.12.0)\n",
            "Requirement already satisfied: liac-arff in /usr/local/lib/python3.7/dist-packages (from auto-sklearn) (2.5.0)\n",
            "Requirement already satisfied: distributed>=2.2.0 in /usr/local/lib/python3.7/dist-packages (from auto-sklearn) (2021.4.1)\n",
            "Requirement already satisfied: scipy>=0.14.1 in /usr/local/lib/python3.7/dist-packages (from auto-sklearn) (1.4.1)\n",
            "Requirement already satisfied: smac<0.14,>=0.13.1 in /usr/local/lib/python3.7/dist-packages (from auto-sklearn) (0.13.1)\n",
            "Requirement already satisfied: pynisher>=0.6.3 in /usr/local/lib/python3.7/dist-packages (from auto-sklearn) (0.6.4)\n",
            "Requirement already satisfied: pyyaml in /usr/local/lib/python3.7/dist-packages (from auto-sklearn) (3.13)\n",
            "Requirement already satisfied: pandas>=1.0 in /usr/local/lib/python3.7/dist-packages (from auto-sklearn) (1.1.5)\n",
            "Requirement already satisfied: setuptools in /usr/local/lib/python3.7/dist-packages (from auto-sklearn) (56.0.0)\n",
            "Requirement already satisfied: joblib in /usr/local/lib/python3.7/dist-packages (from auto-sklearn) (1.0.1)\n",
            "Requirement already satisfied: numpy>=1.9.0 in /usr/local/lib/python3.7/dist-packages (from auto-sklearn) (1.19.5)\n",
            "Requirement already satisfied: threadpoolctl>=2.0.0 in /usr/local/lib/python3.7/dist-packages (from scikit-learn<0.25.0,>=0.24.0->auto-sklearn) (2.1.0)\n",
            "Requirement already satisfied: cython in /usr/local/lib/python3.7/dist-packages (from ConfigSpace<0.5,>=0.4.14->auto-sklearn) (0.29.22)\n",
            "Requirement already satisfied: pyparsing in /usr/local/lib/python3.7/dist-packages (from ConfigSpace<0.5,>=0.4.14->auto-sklearn) (2.4.7)\n",
            "Requirement already satisfied: cloudpickle>=1.5.0 in /usr/local/lib/python3.7/dist-packages (from distributed>=2.2.0->auto-sklearn) (1.6.0)\n",
            "Requirement already satisfied: tblib>=1.6.0 in /usr/local/lib/python3.7/dist-packages (from distributed>=2.2.0->auto-sklearn) (1.7.0)\n",
            "Requirement already satisfied: msgpack>=0.6.0 in /usr/local/lib/python3.7/dist-packages (from distributed>=2.2.0->auto-sklearn) (1.0.2)\n",
            "Requirement already satisfied: zict>=0.1.3 in /usr/local/lib/python3.7/dist-packages (from distributed>=2.2.0->auto-sklearn) (2.0.0)\n",
            "Requirement already satisfied: psutil>=5.0 in /usr/local/lib/python3.7/dist-packages (from distributed>=2.2.0->auto-sklearn) (5.4.8)\n",
            "Requirement already satisfied: sortedcontainers!=2.0.0,!=2.0.1 in /usr/local/lib/python3.7/dist-packages (from distributed>=2.2.0->auto-sklearn) (2.3.0)\n",
            "Requirement already satisfied: tornado>=5; python_version < \"3.8\" in /usr/local/lib/python3.7/dist-packages (from distributed>=2.2.0->auto-sklearn) (5.1.1)\n",
            "Requirement already satisfied: toolz>=0.8.2 in /usr/local/lib/python3.7/dist-packages (from distributed>=2.2.0->auto-sklearn) (0.11.1)\n",
            "Requirement already satisfied: click>=6.6 in /usr/local/lib/python3.7/dist-packages (from distributed>=2.2.0->auto-sklearn) (7.1.2)\n",
            "Requirement already satisfied: lazy-import in /usr/local/lib/python3.7/dist-packages (from smac<0.14,>=0.13.1->auto-sklearn) (0.2.2)\n",
            "Requirement already satisfied: python-dateutil>=2.7.3 in /usr/local/lib/python3.7/dist-packages (from pandas>=1.0->auto-sklearn) (2.8.1)\n",
            "Requirement already satisfied: pytz>=2017.2 in /usr/local/lib/python3.7/dist-packages (from pandas>=1.0->auto-sklearn) (2018.9)\n",
            "Requirement already satisfied: heapdict in /usr/local/lib/python3.7/dist-packages (from zict>=0.1.3->distributed>=2.2.0->auto-sklearn) (1.0.1)\n",
            "Requirement already satisfied: six in /usr/local/lib/python3.7/dist-packages (from lazy-import->smac<0.14,>=0.13.1->auto-sklearn) (1.15.0)\n"
          ],
          "name": "stdout"
        }
      ]
    },
    {
      "cell_type": "code",
      "metadata": {
        "id": "GlYX0NNrA7yV"
      },
      "source": [
        "import numpy as np\n",
        "import pandas as pd\n",
        "np.warnings.filterwarnings('ignore')"
      ],
      "execution_count": null,
      "outputs": []
    },
    {
      "cell_type": "code",
      "metadata": {
        "colab": {
          "resources": {
            "http://localhost:8080/nbextensions/google.colab/files.js": {
              "data": "Ly8gQ29weXJpZ2h0IDIwMTcgR29vZ2xlIExMQwovLwovLyBMaWNlbnNlZCB1bmRlciB0aGUgQXBhY2hlIExpY2Vuc2UsIFZlcnNpb24gMi4wICh0aGUgIkxpY2Vuc2UiKTsKLy8geW91IG1heSBub3QgdXNlIHRoaXMgZmlsZSBleGNlcHQgaW4gY29tcGxpYW5jZSB3aXRoIHRoZSBMaWNlbnNlLgovLyBZb3UgbWF5IG9idGFpbiBhIGNvcHkgb2YgdGhlIExpY2Vuc2UgYXQKLy8KLy8gICAgICBodHRwOi8vd3d3LmFwYWNoZS5vcmcvbGljZW5zZXMvTElDRU5TRS0yLjAKLy8KLy8gVW5sZXNzIHJlcXVpcmVkIGJ5IGFwcGxpY2FibGUgbGF3IG9yIGFncmVlZCB0byBpbiB3cml0aW5nLCBzb2Z0d2FyZQovLyBkaXN0cmlidXRlZCB1bmRlciB0aGUgTGljZW5zZSBpcyBkaXN0cmlidXRlZCBvbiBhbiAiQVMgSVMiIEJBU0lTLAovLyBXSVRIT1VUIFdBUlJBTlRJRVMgT1IgQ09ORElUSU9OUyBPRiBBTlkgS0lORCwgZWl0aGVyIGV4cHJlc3Mgb3IgaW1wbGllZC4KLy8gU2VlIHRoZSBMaWNlbnNlIGZvciB0aGUgc3BlY2lmaWMgbGFuZ3VhZ2UgZ292ZXJuaW5nIHBlcm1pc3Npb25zIGFuZAovLyBsaW1pdGF0aW9ucyB1bmRlciB0aGUgTGljZW5zZS4KCi8qKgogKiBAZmlsZW92ZXJ2aWV3IEhlbHBlcnMgZm9yIGdvb2dsZS5jb2xhYiBQeXRob24gbW9kdWxlLgogKi8KKGZ1bmN0aW9uKHNjb3BlKSB7CmZ1bmN0aW9uIHNwYW4odGV4dCwgc3R5bGVBdHRyaWJ1dGVzID0ge30pIHsKICBjb25zdCBlbGVtZW50ID0gZG9jdW1lbnQuY3JlYXRlRWxlbWVudCgnc3BhbicpOwogIGVsZW1lbnQudGV4dENvbnRlbnQgPSB0ZXh0OwogIGZvciAoY29uc3Qga2V5IG9mIE9iamVjdC5rZXlzKHN0eWxlQXR0cmlidXRlcykpIHsKICAgIGVsZW1lbnQuc3R5bGVba2V5XSA9IHN0eWxlQXR0cmlidXRlc1trZXldOwogIH0KICByZXR1cm4gZWxlbWVudDsKfQoKLy8gTWF4IG51bWJlciBvZiBieXRlcyB3aGljaCB3aWxsIGJlIHVwbG9hZGVkIGF0IGEgdGltZS4KY29uc3QgTUFYX1BBWUxPQURfU0laRSA9IDEwMCAqIDEwMjQ7CgpmdW5jdGlvbiBfdXBsb2FkRmlsZXMoaW5wdXRJZCwgb3V0cHV0SWQpIHsKICBjb25zdCBzdGVwcyA9IHVwbG9hZEZpbGVzU3RlcChpbnB1dElkLCBvdXRwdXRJZCk7CiAgY29uc3Qgb3V0cHV0RWxlbWVudCA9IGRvY3VtZW50LmdldEVsZW1lbnRCeUlkKG91dHB1dElkKTsKICAvLyBDYWNoZSBzdGVwcyBvbiB0aGUgb3V0cHV0RWxlbWVudCB0byBtYWtlIGl0IGF2YWlsYWJsZSBmb3IgdGhlIG5leHQgY2FsbAogIC8vIHRvIHVwbG9hZEZpbGVzQ29udGludWUgZnJvbSBQeXRob24uCiAgb3V0cHV0RWxlbWVudC5zdGVwcyA9IHN0ZXBzOwoKICByZXR1cm4gX3VwbG9hZEZpbGVzQ29udGludWUob3V0cHV0SWQpOwp9CgovLyBUaGlzIGlzIHJvdWdobHkgYW4gYXN5bmMgZ2VuZXJhdG9yIChub3Qgc3VwcG9ydGVkIGluIHRoZSBicm93c2VyIHlldCksCi8vIHdoZXJlIHRoZXJlIGFyZSBtdWx0aXBsZSBhc3luY2hyb25vdXMgc3RlcHMgYW5kIHRoZSBQeXRob24gc2lkZSBpcyBnb2luZwovLyB0byBwb2xsIGZvciBjb21wbGV0aW9uIG9mIGVhY2ggc3RlcC4KLy8gVGhpcyB1c2VzIGEgUHJvbWlzZSB0byBibG9jayB0aGUgcHl0aG9uIHNpZGUgb24gY29tcGxldGlvbiBvZiBlYWNoIHN0ZXAsCi8vIHRoZW4gcGFzc2VzIHRoZSByZXN1bHQgb2YgdGhlIHByZXZpb3VzIHN0ZXAgYXMgdGhlIGlucHV0IHRvIHRoZSBuZXh0IHN0ZXAuCmZ1bmN0aW9uIF91cGxvYWRGaWxlc0NvbnRpbnVlKG91dHB1dElkKSB7CiAgY29uc3Qgb3V0cHV0RWxlbWVudCA9IGRvY3VtZW50LmdldEVsZW1lbnRCeUlkKG91dHB1dElkKTsKICBjb25zdCBzdGVwcyA9IG91dHB1dEVsZW1lbnQuc3RlcHM7CgogIGNvbnN0IG5leHQgPSBzdGVwcy5uZXh0KG91dHB1dEVsZW1lbnQubGFzdFByb21pc2VWYWx1ZSk7CiAgcmV0dXJuIFByb21pc2UucmVzb2x2ZShuZXh0LnZhbHVlLnByb21pc2UpLnRoZW4oKHZhbHVlKSA9PiB7CiAgICAvLyBDYWNoZSB0aGUgbGFzdCBwcm9taXNlIHZhbHVlIHRvIG1ha2UgaXQgYXZhaWxhYmxlIHRvIHRoZSBuZXh0CiAgICAvLyBzdGVwIG9mIHRoZSBnZW5lcmF0b3IuCiAgICBvdXRwdXRFbGVtZW50Lmxhc3RQcm9taXNlVmFsdWUgPSB2YWx1ZTsKICAgIHJldHVybiBuZXh0LnZhbHVlLnJlc3BvbnNlOwogIH0pOwp9CgovKioKICogR2VuZXJhdG9yIGZ1bmN0aW9uIHdoaWNoIGlzIGNhbGxlZCBiZXR3ZWVuIGVhY2ggYXN5bmMgc3RlcCBvZiB0aGUgdXBsb2FkCiAqIHByb2Nlc3MuCiAqIEBwYXJhbSB7c3RyaW5nfSBpbnB1dElkIEVsZW1lbnQgSUQgb2YgdGhlIGlucHV0IGZpbGUgcGlja2VyIGVsZW1lbnQuCiAqIEBwYXJhbSB7c3RyaW5nfSBvdXRwdXRJZCBFbGVtZW50IElEIG9mIHRoZSBvdXRwdXQgZGlzcGxheS4KICogQHJldHVybiB7IUl0ZXJhYmxlPCFPYmplY3Q+fSBJdGVyYWJsZSBvZiBuZXh0IHN0ZXBzLgogKi8KZnVuY3Rpb24qIHVwbG9hZEZpbGVzU3RlcChpbnB1dElkLCBvdXRwdXRJZCkgewogIGNvbnN0IGlucHV0RWxlbWVudCA9IGRvY3VtZW50LmdldEVsZW1lbnRCeUlkKGlucHV0SWQpOwogIGlucHV0RWxlbWVudC5kaXNhYmxlZCA9IGZhbHNlOwoKICBjb25zdCBvdXRwdXRFbGVtZW50ID0gZG9jdW1lbnQuZ2V0RWxlbWVudEJ5SWQob3V0cHV0SWQpOwogIG91dHB1dEVsZW1lbnQuaW5uZXJIVE1MID0gJyc7CgogIGNvbnN0IHBpY2tlZFByb21pc2UgPSBuZXcgUHJvbWlzZSgocmVzb2x2ZSkgPT4gewogICAgaW5wdXRFbGVtZW50LmFkZEV2ZW50TGlzdGVuZXIoJ2NoYW5nZScsIChlKSA9PiB7CiAgICAgIHJlc29sdmUoZS50YXJnZXQuZmlsZXMpOwogICAgfSk7CiAgfSk7CgogIGNvbnN0IGNhbmNlbCA9IGRvY3VtZW50LmNyZWF0ZUVsZW1lbnQoJ2J1dHRvbicpOwogIGlucHV0RWxlbWVudC5wYXJlbnRFbGVtZW50LmFwcGVuZENoaWxkKGNhbmNlbCk7CiAgY2FuY2VsLnRleHRDb250ZW50ID0gJ0NhbmNlbCB1cGxvYWQnOwogIGNvbnN0IGNhbmNlbFByb21pc2UgPSBuZXcgUHJvbWlzZSgocmVzb2x2ZSkgPT4gewogICAgY2FuY2VsLm9uY2xpY2sgPSAoKSA9PiB7CiAgICAgIHJlc29sdmUobnVsbCk7CiAgICB9OwogIH0pOwoKICAvLyBXYWl0IGZvciB0aGUgdXNlciB0byBwaWNrIHRoZSBmaWxlcy4KICBjb25zdCBmaWxlcyA9IHlpZWxkIHsKICAgIHByb21pc2U6IFByb21pc2UucmFjZShbcGlja2VkUHJvbWlzZSwgY2FuY2VsUHJvbWlzZV0pLAogICAgcmVzcG9uc2U6IHsKICAgICAgYWN0aW9uOiAnc3RhcnRpbmcnLAogICAgfQogIH07CgogIGNhbmNlbC5yZW1vdmUoKTsKCiAgLy8gRGlzYWJsZSB0aGUgaW5wdXQgZWxlbWVudCBzaW5jZSBmdXJ0aGVyIHBpY2tzIGFyZSBub3QgYWxsb3dlZC4KICBpbnB1dEVsZW1lbnQuZGlzYWJsZWQgPSB0cnVlOwoKICBpZiAoIWZpbGVzKSB7CiAgICByZXR1cm4gewogICAgICByZXNwb25zZTogewogICAgICAgIGFjdGlvbjogJ2NvbXBsZXRlJywKICAgICAgfQogICAgfTsKICB9CgogIGZvciAoY29uc3QgZmlsZSBvZiBmaWxlcykgewogICAgY29uc3QgbGkgPSBkb2N1bWVudC5jcmVhdGVFbGVtZW50KCdsaScpOwogICAgbGkuYXBwZW5kKHNwYW4oZmlsZS5uYW1lLCB7Zm9udFdlaWdodDogJ2JvbGQnfSkpOwogICAgbGkuYXBwZW5kKHNwYW4oCiAgICAgICAgYCgke2ZpbGUudHlwZSB8fCAnbi9hJ30pIC0gJHtmaWxlLnNpemV9IGJ5dGVzLCBgICsKICAgICAgICBgbGFzdCBtb2RpZmllZDogJHsKICAgICAgICAgICAgZmlsZS5sYXN0TW9kaWZpZWREYXRlID8gZmlsZS5sYXN0TW9kaWZpZWREYXRlLnRvTG9jYWxlRGF0ZVN0cmluZygpIDoKICAgICAgICAgICAgICAgICAgICAgICAgICAgICAgICAgICAgJ24vYSd9IC0gYCkpOwogICAgY29uc3QgcGVyY2VudCA9IHNwYW4oJzAlIGRvbmUnKTsKICAgIGxpLmFwcGVuZENoaWxkKHBlcmNlbnQpOwoKICAgIG91dHB1dEVsZW1lbnQuYXBwZW5kQ2hpbGQobGkpOwoKICAgIGNvbnN0IGZpbGVEYXRhUHJvbWlzZSA9IG5ldyBQcm9taXNlKChyZXNvbHZlKSA9PiB7CiAgICAgIGNvbnN0IHJlYWRlciA9IG5ldyBGaWxlUmVhZGVyKCk7CiAgICAgIHJlYWRlci5vbmxvYWQgPSAoZSkgPT4gewogICAgICAgIHJlc29sdmUoZS50YXJnZXQucmVzdWx0KTsKICAgICAgfTsKICAgICAgcmVhZGVyLnJlYWRBc0FycmF5QnVmZmVyKGZpbGUpOwogICAgfSk7CiAgICAvLyBXYWl0IGZvciB0aGUgZGF0YSB0byBiZSByZWFkeS4KICAgIGxldCBmaWxlRGF0YSA9IHlpZWxkIHsKICAgICAgcHJvbWlzZTogZmlsZURhdGFQcm9taXNlLAogICAgICByZXNwb25zZTogewogICAgICAgIGFjdGlvbjogJ2NvbnRpbnVlJywKICAgICAgfQogICAgfTsKCiAgICAvLyBVc2UgYSBjaHVua2VkIHNlbmRpbmcgdG8gYXZvaWQgbWVzc2FnZSBzaXplIGxpbWl0cy4gU2VlIGIvNjIxMTU2NjAuCiAgICBsZXQgcG9zaXRpb24gPSAwOwogICAgd2hpbGUgKHBvc2l0aW9uIDwgZmlsZURhdGEuYnl0ZUxlbmd0aCkgewogICAgICBjb25zdCBsZW5ndGggPSBNYXRoLm1pbihmaWxlRGF0YS5ieXRlTGVuZ3RoIC0gcG9zaXRpb24sIE1BWF9QQVlMT0FEX1NJWkUpOwogICAgICBjb25zdCBjaHVuayA9IG5ldyBVaW50OEFycmF5KGZpbGVEYXRhLCBwb3NpdGlvbiwgbGVuZ3RoKTsKICAgICAgcG9zaXRpb24gKz0gbGVuZ3RoOwoKICAgICAgY29uc3QgYmFzZTY0ID0gYnRvYShTdHJpbmcuZnJvbUNoYXJDb2RlLmFwcGx5KG51bGwsIGNodW5rKSk7CiAgICAgIHlpZWxkIHsKICAgICAgICByZXNwb25zZTogewogICAgICAgICAgYWN0aW9uOiAnYXBwZW5kJywKICAgICAgICAgIGZpbGU6IGZpbGUubmFtZSwKICAgICAgICAgIGRhdGE6IGJhc2U2NCwKICAgICAgICB9LAogICAgICB9OwogICAgICBwZXJjZW50LnRleHRDb250ZW50ID0KICAgICAgICAgIGAke01hdGgucm91bmQoKHBvc2l0aW9uIC8gZmlsZURhdGEuYnl0ZUxlbmd0aCkgKiAxMDApfSUgZG9uZWA7CiAgICB9CiAgfQoKICAvLyBBbGwgZG9uZS4KICB5aWVsZCB7CiAgICByZXNwb25zZTogewogICAgICBhY3Rpb246ICdjb21wbGV0ZScsCiAgICB9CiAgfTsKfQoKc2NvcGUuZ29vZ2xlID0gc2NvcGUuZ29vZ2xlIHx8IHt9OwpzY29wZS5nb29nbGUuY29sYWIgPSBzY29wZS5nb29nbGUuY29sYWIgfHwge307CnNjb3BlLmdvb2dsZS5jb2xhYi5fZmlsZXMgPSB7CiAgX3VwbG9hZEZpbGVzLAogIF91cGxvYWRGaWxlc0NvbnRpbnVlLAp9Owp9KShzZWxmKTsK",
              "ok": true,
              "headers": [
                [
                  "content-type",
                  "application/javascript"
                ]
              ],
              "status": 200,
              "status_text": ""
            }
          },
          "base_uri": "https://localhost:8080/",
          "height": 72
        },
        "id": "c8XD7QHpBjqY",
        "outputId": "2645141f-f8cc-409c-d568-13cface074df"
      },
      "source": [
        "from google.colab import files\n",
        "uploaded = files.upload()"
      ],
      "execution_count": null,
      "outputs": [
        {
          "output_type": "display_data",
          "data": {
            "text/html": [
              "\n",
              "     <input type=\"file\" id=\"files-d78ddeee-5f5b-4f7f-82cd-c1188bad2b4e\" name=\"files[]\" multiple disabled\n",
              "        style=\"border:none\" />\n",
              "     <output id=\"result-d78ddeee-5f5b-4f7f-82cd-c1188bad2b4e\">\n",
              "      Upload widget is only available when the cell has been executed in the\n",
              "      current browser session. Please rerun this cell to enable.\n",
              "      </output>\n",
              "      <script src=\"/nbextensions/google.colab/files.js\"></script> "
            ],
            "text/plain": [
              "<IPython.core.display.HTML object>"
            ]
          },
          "metadata": {
            "tags": []
          }
        },
        {
          "output_type": "stream",
          "text": [
            "Saving Data_Glioblastoma5Patients_SC.csv to Data_Glioblastoma5Patients_SC.csv\n"
          ],
          "name": "stdout"
        }
      ]
    },
    {
      "cell_type": "code",
      "metadata": {
        "id": "9Ljzy05_CCUZ"
      },
      "source": [
        "import io\n",
        "data = pd.read_csv(io.BytesIO(uploaded['Data_Glioblastoma5Patients_SC.csv']))"
      ],
      "execution_count": null,
      "outputs": []
    },
    {
      "cell_type": "code",
      "metadata": {
        "id": "LBisXjcNEIm9"
      },
      "source": [
        "import sklearn.model_selection\n",
        "from sklearn.model_selection import train_test_split\n",
        "import sklearn.metrics\n",
        "labels = list(data[\"Classes\"].value_counts().index)\n",
        "labels = [str(di) for di in labels]\n",
        "labels\n",
        "X = data.drop(['Classes'],axis=1)\n",
        "y = data['Classes']\n",
        "X_train, X_test, y_train, y_test = train_test_split(X, y, test_size=0.2, random_state=42)"
      ],
      "execution_count": null,
      "outputs": []
    },
    {
      "cell_type": "code",
      "metadata": {
        "colab": {
          "base_uri": "https://localhost:8080/"
        },
        "id": "5z0hRokhGXhe",
        "outputId": "c1eb73fe-813f-4be9-f588-fd5a1087e935"
      },
      "source": [
        "pip uninstall scikit-learn"
      ],
      "execution_count": null,
      "outputs": [
        {
          "output_type": "stream",
          "text": [
            "Uninstalling scikit-learn-0.22.2:\n",
            "  Would remove:\n",
            "    /usr/local/lib/python3.7/dist-packages/scikit_learn-0.22.2.dist-info/*\n",
            "    /usr/local/lib/python3.7/dist-packages/sklearn/*\n",
            "Proceed (y/n)? y\n",
            "  Successfully uninstalled scikit-learn-0.22.2\n"
          ],
          "name": "stdout"
        }
      ]
    },
    {
      "cell_type": "code",
      "metadata": {
        "colab": {
          "base_uri": "https://localhost:8080/"
        },
        "id": "bJNTKPrPGgAz",
        "outputId": "dec8c241-5eca-42e2-bd5e-2322582d373a"
      },
      "source": [
        "pip install scikit-learn==0.24.2"
      ],
      "execution_count": null,
      "outputs": [
        {
          "output_type": "stream",
          "text": [
            "Requirement already satisfied: scikit-learn==0.24.2 in /usr/local/lib/python3.7/dist-packages (0.24.2)\n",
            "Requirement already satisfied: numpy>=1.13.3 in /usr/local/lib/python3.7/dist-packages (from scikit-learn==0.24.2) (1.19.5)\n",
            "Requirement already satisfied: joblib>=0.11 in /usr/local/lib/python3.7/dist-packages (from scikit-learn==0.24.2) (1.0.1)\n",
            "Requirement already satisfied: scipy>=0.19.1 in /usr/local/lib/python3.7/dist-packages (from scikit-learn==0.24.2) (1.4.1)\n",
            "Requirement already satisfied: threadpoolctl>=2.0.0 in /usr/local/lib/python3.7/dist-packages (from scikit-learn==0.24.2) (2.1.0)\n"
          ],
          "name": "stdout"
        }
      ]
    },
    {
      "cell_type": "code",
      "metadata": {
        "id": "RCWOyzSuJVOD",
        "colab": {
          "base_uri": "https://localhost:8080/"
        },
        "outputId": "bcd78b2d-9ed2-4068-ea35-886be3677c0f"
      },
      "source": [
        "import sklearn\n",
        "\n",
        "print('The scikit-learn version is {}.'.format(sklearn.__version__))\n"
      ],
      "execution_count": null,
      "outputs": [
        {
          "output_type": "stream",
          "text": [
            "The scikit-learn version is 0.24.2.\n"
          ],
          "name": "stdout"
        }
      ]
    },
    {
      "cell_type": "code",
      "metadata": {
        "colab": {
          "base_uri": "https://localhost:8080/",
          "height": 612
        },
        "id": "53z54iV3EsYS",
        "outputId": "1d2ec496-ceb9-4a11-c8f5-728dd2bc04dc"
      },
      "source": [
        "import autosklearn.classification\n",
        "\n",
        "# configure auto-sklearn\n",
        "automl = autosklearn.classification.AutoSklearnClassifier(\n",
        "          time_left_for_this_task=120, # run auto-sklearn for at most 2min\n",
        "          per_run_time_limit=30, # spend at most 30 sec for each model training\n",
        "          )\n",
        "\n",
        "# train model(s)\n",
        "automl.fit(X_train, y_train)\n",
        "\n",
        "# evaluate\n",
        "y_hat = automl.predict(X_test)\n",
        "test_acc = sklearn.metrics.accuracy_score(y_test, y_hat)\n",
        "print(\"Test Accuracy score {0}\".format(test_acc))"
      ],
      "execution_count": 4,
      "outputs": [
        {
          "output_type": "error",
          "ename": "ImportError",
          "evalue": "ignored",
          "traceback": [
            "\u001b[0;31m---------------------------------------------------------------------------\u001b[0m",
            "\u001b[0;31mImportError\u001b[0m                               Traceback (most recent call last)",
            "\u001b[0;32m/usr/local/lib/python3.7/dist-packages/dask/distributed.py\u001b[0m in \u001b[0;36m<module>\u001b[0;34m()\u001b[0m\n\u001b[1;32m      2\u001b[0m \u001b[0;32mtry\u001b[0m\u001b[0;34m:\u001b[0m\u001b[0;34m\u001b[0m\u001b[0;34m\u001b[0m\u001b[0m\n\u001b[0;32m----> 3\u001b[0;31m     \u001b[0;32mfrom\u001b[0m \u001b[0mdistributed\u001b[0m \u001b[0;32mimport\u001b[0m \u001b[0;34m*\u001b[0m\u001b[0;34m\u001b[0m\u001b[0;34m\u001b[0m\u001b[0m\n\u001b[0m\u001b[1;32m      4\u001b[0m \u001b[0;32mexcept\u001b[0m \u001b[0mImportError\u001b[0m\u001b[0;34m:\u001b[0m\u001b[0;34m\u001b[0m\u001b[0;34m\u001b[0m\u001b[0m\n",
            "\u001b[0;32m/usr/local/lib/python3.7/dist-packages/distributed/__init__.py\u001b[0m in \u001b[0;36m<module>\u001b[0;34m()\u001b[0m\n\u001b[1;32m      6\u001b[0m \u001b[0;32mfrom\u001b[0m \u001b[0;34m.\u001b[0m\u001b[0m_version\u001b[0m \u001b[0;32mimport\u001b[0m \u001b[0mget_versions\u001b[0m\u001b[0;34m\u001b[0m\u001b[0;34m\u001b[0m\u001b[0m\n\u001b[0;32m----> 7\u001b[0;31m \u001b[0;32mfrom\u001b[0m \u001b[0;34m.\u001b[0m\u001b[0mactor\u001b[0m \u001b[0;32mimport\u001b[0m \u001b[0mActor\u001b[0m\u001b[0;34m,\u001b[0m \u001b[0mActorFuture\u001b[0m\u001b[0;34m\u001b[0m\u001b[0;34m\u001b[0m\u001b[0m\n\u001b[0m\u001b[1;32m      8\u001b[0m from .client import (\n",
            "\u001b[0;32m/usr/local/lib/python3.7/dist-packages/distributed/actor.py\u001b[0m in \u001b[0;36m<module>\u001b[0;34m()\u001b[0m\n\u001b[1;32m      5\u001b[0m \u001b[0;34m\u001b[0m\u001b[0m\n\u001b[0;32m----> 6\u001b[0;31m \u001b[0;32mfrom\u001b[0m \u001b[0;34m.\u001b[0m\u001b[0mclient\u001b[0m \u001b[0;32mimport\u001b[0m \u001b[0mFuture\u001b[0m\u001b[0;34m,\u001b[0m \u001b[0mdefault_client\u001b[0m\u001b[0;34m\u001b[0m\u001b[0;34m\u001b[0m\u001b[0m\n\u001b[0m\u001b[1;32m      7\u001b[0m \u001b[0;32mfrom\u001b[0m \u001b[0;34m.\u001b[0m\u001b[0mprotocol\u001b[0m \u001b[0;32mimport\u001b[0m \u001b[0mto_serialize\u001b[0m\u001b[0;34m\u001b[0m\u001b[0;34m\u001b[0m\u001b[0m\n",
            "\u001b[0;32m/usr/local/lib/python3.7/dist-packages/distributed/client.py\u001b[0m in \u001b[0;36m<module>\u001b[0;34m()\u001b[0m\n\u001b[1;32m     33\u001b[0m \u001b[0;32mfrom\u001b[0m \u001b[0mdask\u001b[0m\u001b[0;34m.\u001b[0m\u001b[0moptimization\u001b[0m \u001b[0;32mimport\u001b[0m \u001b[0mSubgraphCallable\u001b[0m\u001b[0;34m\u001b[0m\u001b[0;34m\u001b[0m\u001b[0m\n\u001b[0;32m---> 34\u001b[0;31m \u001b[0;32mfrom\u001b[0m \u001b[0mdask\u001b[0m\u001b[0;34m.\u001b[0m\u001b[0mutils\u001b[0m \u001b[0;32mimport\u001b[0m \u001b[0mensure_dict\u001b[0m\u001b[0;34m,\u001b[0m \u001b[0mformat_bytes\u001b[0m\u001b[0;34m,\u001b[0m \u001b[0mfuncname\u001b[0m\u001b[0;34m,\u001b[0m \u001b[0mstringify\u001b[0m\u001b[0;34m\u001b[0m\u001b[0;34m\u001b[0m\u001b[0m\n\u001b[0m\u001b[1;32m     35\u001b[0m \u001b[0;34m\u001b[0m\u001b[0m\n",
            "\u001b[0;31mImportError\u001b[0m: cannot import name 'stringify' from 'dask.utils' (/usr/local/lib/python3.7/dist-packages/dask/utils.py)",
            "\nDuring handling of the above exception, another exception occurred:\n",
            "\u001b[0;31mImportError\u001b[0m                               Traceback (most recent call last)",
            "\u001b[0;32m<ipython-input-4-49c73457d338>\u001b[0m in \u001b[0;36m<module>\u001b[0;34m()\u001b[0m\n\u001b[0;32m----> 1\u001b[0;31m \u001b[0;32mimport\u001b[0m \u001b[0mautosklearn\u001b[0m\u001b[0;34m.\u001b[0m\u001b[0mclassification\u001b[0m\u001b[0;34m\u001b[0m\u001b[0;34m\u001b[0m\u001b[0m\n\u001b[0m\u001b[1;32m      2\u001b[0m \u001b[0;34m\u001b[0m\u001b[0m\n\u001b[1;32m      3\u001b[0m \u001b[0;31m# configure auto-sklearn\u001b[0m\u001b[0;34m\u001b[0m\u001b[0;34m\u001b[0m\u001b[0;34m\u001b[0m\u001b[0m\n\u001b[1;32m      4\u001b[0m automl = autosklearn.classification.AutoSklearnClassifier(\n\u001b[1;32m      5\u001b[0m           \u001b[0mtime_left_for_this_task\u001b[0m\u001b[0;34m=\u001b[0m\u001b[0;36m120\u001b[0m\u001b[0;34m,\u001b[0m \u001b[0;31m# run auto-sklearn for at most 2min\u001b[0m\u001b[0;34m\u001b[0m\u001b[0;34m\u001b[0m\u001b[0m\n",
            "\u001b[0;32m/usr/local/lib/python3.7/dist-packages/autosklearn/classification.py\u001b[0m in \u001b[0;36m<module>\u001b[0;34m()\u001b[0m\n\u001b[0;32m----> 1\u001b[0;31m \u001b[0;32mfrom\u001b[0m \u001b[0mautosklearn\u001b[0m\u001b[0;34m.\u001b[0m\u001b[0mestimators\u001b[0m \u001b[0;32mimport\u001b[0m \u001b[0mAutoSklearnClassifier\u001b[0m  \u001b[0;31m# noqa (imported but unused)\u001b[0m\u001b[0;34m\u001b[0m\u001b[0;34m\u001b[0m\u001b[0m\n\u001b[0m",
            "\u001b[0;32m/usr/local/lib/python3.7/dist-packages/autosklearn/estimators.py\u001b[0m in \u001b[0;36m<module>\u001b[0;34m()\u001b[0m\n\u001b[1;32m      4\u001b[0m \u001b[0;34m\u001b[0m\u001b[0m\n\u001b[1;32m      5\u001b[0m \u001b[0;32mfrom\u001b[0m \u001b[0mConfigSpace\u001b[0m\u001b[0;34m.\u001b[0m\u001b[0mconfiguration_space\u001b[0m \u001b[0;32mimport\u001b[0m \u001b[0mConfiguration\u001b[0m\u001b[0;34m\u001b[0m\u001b[0;34m\u001b[0m\u001b[0m\n\u001b[0;32m----> 6\u001b[0;31m \u001b[0;32mimport\u001b[0m \u001b[0mdask\u001b[0m\u001b[0;34m.\u001b[0m\u001b[0mdistributed\u001b[0m\u001b[0;34m\u001b[0m\u001b[0;34m\u001b[0m\u001b[0m\n\u001b[0m\u001b[1;32m      7\u001b[0m \u001b[0;32mimport\u001b[0m \u001b[0mjoblib\u001b[0m\u001b[0;34m\u001b[0m\u001b[0;34m\u001b[0m\u001b[0m\n\u001b[1;32m      8\u001b[0m \u001b[0;32mimport\u001b[0m \u001b[0mnumpy\u001b[0m \u001b[0;32mas\u001b[0m \u001b[0mnp\u001b[0m\u001b[0;34m\u001b[0m\u001b[0;34m\u001b[0m\u001b[0m\n",
            "\u001b[0;32m/usr/local/lib/python3.7/dist-packages/dask/distributed.py\u001b[0m in \u001b[0;36m<module>\u001b[0;34m()\u001b[0m\n\u001b[1;32m      9\u001b[0m         \u001b[0;34m\"  python -m pip install dask distributed --upgrade  # or python -m pip install\"\u001b[0m\u001b[0;34m\u001b[0m\u001b[0;34m\u001b[0m\u001b[0m\n\u001b[1;32m     10\u001b[0m     )\n\u001b[0;32m---> 11\u001b[0;31m     \u001b[0;32mraise\u001b[0m \u001b[0mImportError\u001b[0m\u001b[0;34m(\u001b[0m\u001b[0mmsg\u001b[0m\u001b[0;34m)\u001b[0m\u001b[0;34m\u001b[0m\u001b[0;34m\u001b[0m\u001b[0m\n\u001b[0m",
            "\u001b[0;31mImportError\u001b[0m: Dask's distributed scheduler is not installed.\n\nPlease either conda or pip install dask distributed:\n\n  conda install dask distributed          # either conda install\n  python -m pip install dask distributed --upgrade  # or python -m pip install",
            "",
            "\u001b[0;31m---------------------------------------------------------------------------\u001b[0;32m\nNOTE: If your import is failing due to a missing package, you can\nmanually install dependencies using either !pip or !apt.\n\nTo view examples of installing some common dependencies, click the\n\"Open Examples\" button below.\n\u001b[0;31m---------------------------------------------------------------------------\u001b[0m\n"
          ]
        }
      ]
    },
    {
      "cell_type": "code",
      "metadata": {
        "colab": {
          "base_uri": "https://localhost:8080/"
        },
        "id": "pZdzRHbtFKnt",
        "outputId": "d93e0346-7fa4-4abb-932b-f2e29b616d18"
      },
      "source": [
        "import sklearn\n",
        "\n",
        "print('The scikit-learn version is {}.'.format(sklearn.__version__))\n"
      ],
      "execution_count": null,
      "outputs": [
        {
          "output_type": "stream",
          "text": [
            "The scikit-learn version is 0.22.2.\n"
          ],
          "name": "stdout"
        }
      ]
    },
    {
      "cell_type": "code",
      "metadata": {
        "id": "beNQ3TFtGS-m"
      },
      "source": [
        "print(automl.sprint_statistics())\n"
      ],
      "execution_count": null,
      "outputs": []
    },
    {
      "cell_type": "code",
      "metadata": {
        "id": "1X-WK_DBFYvu"
      },
      "source": [
        "print(automl.show_models())"
      ],
      "execution_count": null,
      "outputs": []
    },
    {
      "cell_type": "code",
      "metadata": {
        "id": "l8xis1u8WZ1Y"
      },
      "source": [
        "# I have multiple methods to get this colab to work but it's constantly running into errors of importing due the compability. I tried fixing the scikit versions.\n",
        "# RESULTS: I'm basing my results off of HW 4.\n",
        "# After looking through the results I felt as though Logistic Regression, SVM and MLP (all pre and post optimzation) are \n",
        "# the best fit for this dataset because almost all them were 100% accurate. It seemed as though that SVM pre optimization \n",
        "# sigmoid and linear were the most accurate which is still pretty good. But post optimzation it increased to 100%. \n",
        "# And in the case of MLP I would acutally go for the pre optimzation score but that would defeat the purpose as \n",
        "# post optimization the MLP accuracy falls. So in end I would go for Logisitic Regression as it was the most \n",
        "# consistent results.\n",
        "\n"
      ],
      "execution_count": null,
      "outputs": []
    }
  ]
}